2024-10-30 01:10:16 [INFO] Application started.
2024-10-30 01:10:16 [WARN] Low memory warning.
2024-10-30 01:10:16 [ERROR] An unexpected error occurred.
2024-10-30 01:10:23 [INFO] Message from thread 1 0
2024-10-30 01:10:23 [INFO] Message from thread 1 1
2024-10-30 01:10:23 [INFO] Message from thread 1 2
2024-10-30 01:10:23 [INFO] Message from thread 1 3
2024-10-30 01:10:23 [INFO] Message from thread 1 4
2024-10-30 01:10:23 [INFO] Message from thread 1 5
2024-10-30 01:10:23 [INFO] Message from thread 1 6
2024-10-30 01:10:23 [INFO] Message from thread 1 7
2024-10-30 01:10:23 [INFO] Message from thread 1 8
2024-10-30 01:10:23 [INFO] Message from thread 1 9
2024-10-30 01:10:23 [ERROR] Message from thread 3 0
2024-10-30 01:10:23 [ERROR] Message from thread 3 1
2024-10-30 01:10:23 [ERROR] Message from thread 3 2
2024-10-30 01:10:23 [ERROR] Message from thread 3 3
2024-10-30 01:10:23 [ERROR] Message from thread 3 4
2024-10-30 01:10:23 [ERROR] Message from thread 3 5
2024-10-30 01:10:23 [ERROR] Message from thread 3 6
2024-10-30 01:10:23 [ERROR] Message from thread 3 7
2024-10-30 01:10:23 [ERROR] Message from thread 3 8
2024-10-30 01:10:23 [ERROR] Message from thread 3 9
2024-10-30 01:10:23 [WARN] Message from thread 2 0
2024-10-30 01:10:23 [WARN] Message from thread 2 1
2024-10-30 01:10:23 [WARN] Message from thread 2 2
2024-10-30 01:10:23 [WARN] Message from thread 2 3
2024-10-30 01:10:23 [WARN] Message from thread 2 4
2024-10-30 01:10:23 [WARN] Message from thread 2 5
2024-10-30 01:10:23 [WARN] Message from thread 2 6
2024-10-30 01:10:23 [WARN] Message from thread 2 7
2024-10-30 01:10:23 [WARN] Message from thread 2 8
2024-10-30 01:10:23 [WARN] Message from thread 2 9
2024-10-30 01:10:33 [INFO] Application started.
2024-10-30 01:10:33 [WARN] Low memory warning.
2024-10-30 01:10:33 [ERROR] An unexpected error occurred.
2024-10-30 01:10:35 [INFO] Application started.
2024-10-30 01:10:35 [WARN] Low memory warning.
2024-10-30 01:10:35 [ERROR] An unexpected error occurred.
2024-10-30 01:10:37 [INFO] Application started.
2024-10-30 01:10:37 [WARN] Low memory warning.
2024-10-30 01:10:37 [ERROR] An unexpected error occurred.
